KCPSM6 Assembler log file for program 'E:\ISEN\VIVADO_stage_m1\PicoBlazeGIT01\project_3\prog3.psm'.
Generated by KCPSM6 version v2.70
Ken Chapman - Xilinx Ltd - 16th May 2014

Assembly datestamp: 12 Sep 2023
Assembly timestamp: 17:51:59

Contents
  Assembly listing
  List of PSM files
  List of CONSTANTs
  List of TABLEs
  List of STRINGs
  List of line labels
  Instruction usage statistics


Last occupied address: 090 hex
Nominal program memory size: 1K (1024)   address(9:0)
Actual memory size: 4096
  (Default memory size)
Occupied memory locations: 145
Memory locations available: 3951


Assembly listing

 Addr Code           Instruction

 000  28000          DISABLE INTERRUPT
 001  01200          LOAD s2, 00         ; LED LSB
 002  01300          LOAD s3, 00         ; LED MSB
 003  01400          LOAD s4, 00         ; 7SEG
 004                 ;abcd efgh
 004                 ;for this one we want to send 2 digits
 004         BOUCLE: 
 004  09000          INPUT s0, 00        ;The binary code coresponding to my switches are written here in s0.
 005                 ;INPUT s1 -- handle this with the enable signals later for the other 8 bits
 005  1D001          COMPARE s0, 01      ; switch =1 ?
 006  3202F          JUMP Z, 02F[CASE01] ; if equal --> JUMP to location CASE01 after
 007  1D002          COMPARE s0, 02      ; switch =2 ?
 008  32033          JUMP Z, 033[CASE02]
 009  1D003          COMPARE s0, 03      ; switch =3 ?
 00A  32037          JUMP Z, 037[CASE03]
 00B  1D004          COMPARE s0, 04      ; switch =4 ?
 00C  3203B          JUMP Z, 03B[CASE04]
 00D  1D005          COMPARE s0, 05      ; switch =5 ?
 00E  32041          JUMP Z, 041[CASE05]
 00F  1D006          COMPARE s0, 06      ; switch =6 ?
 010  3204F          JUMP Z, 04F[CASE06]
 011  1D007          COMPARE s0, 07      ; switch =7 ?
 012  32055          JUMP Z, 055[CASE07]
 013  1D008          COMPARE s0, 08
 014  3205B          JUMP Z, 05B[CASE08]
 015  1D009          COMPARE s0, 09
 016  32061          JUMP Z, 061[CASE09]
 017  1D00A          COMPARE s0, 0A
 018  32067          JUMP Z, 067[CASE10]
 019  1D00B          COMPARE s0, 0B
 01A  3206D          JUMP Z, 06D[CASE11]
 01B  1D00C          COMPARE s0, 0C
 01C  32073          JUMP Z, 073[CASE12]
 01D  1D00D          COMPARE s0, 0D
 01E  32079          JUMP Z, 079[CASE13]
 01F  1D00E          COMPARE s0, 0E
 020  3207F          JUMP Z, 07F[CASE14]
 021  1D00F          COMPARE s0, 0F
 022  32085          JUMP Z, 085[CASE15]
 023  1D010          COMPARE s0, 10
 024  3208B          JUMP Z, 08B[CASE16]
 025  1D000          COMPARE s0, 00
 026  3202B          JUMP Z, 02B[CASE00]
 027          PRINT: 
 027  2D200          OUTPUT s2, 00       ;LEDS LSB
 028  2D301          OUTPUT s3, 01       ;LEDS MSB
 029  2D402          OUTPUT s4, 02       ;7SEG
 02A  22004          JUMP 004[BOUCLE]
 02B         CASE00: 
 02B  01200          LOAD s2, 00
 02C  01300          LOAD s3, 00
 02D  01400          LOAD s4, 00         ;AN 7 downto 4       ABCD 3 downto 0     AN is active low
 02E  22027          JUMP 027[PRINT]     ;send digit 2nd
 02F         CASE01: 
 02F  01201          LOAD s2, 01
 030  01300          LOAD s3, 00
 031  014A1          LOAD s4, A1         ;digits 3 and 1 to "1"
 032                 ;OUTPUT s4,02
 032                 ;LOAD s4,d0
 032  22027          JUMP 027[PRINT]
 033         CASE02: 
 033  01202          LOAD s2, 02
 034  01300          LOAD s3, 00
 035  014A2          LOAD s4, A2
 036                 ;OUTPUT s4,02
 036                 ;LOAD s4,d0                                                  ;digits 4 and 2 to "0"
 036  22027          JUMP 027[PRINT]
 037         CASE03: 
 037  01204          LOAD s2, 04
 038  01300          LOAD s3, 00
 039  014A3          LOAD s4, A3
 03A                 ;OUTPUT s4,02
 03A                 ;LOAD s4,d0
 03A  22027          JUMP 027[PRINT]
 03B         CASE04: 
 03B  01208          LOAD s2, 08
 03C  01300          LOAD s3, 00
 03D  014A4          LOAD s4, A4
 03E  2D402          OUTPUT s4, 02
 03F  01450          LOAD s4, 50
 040  22027          JUMP 027[PRINT]
 041         CASE05: 
 041  01210          LOAD s2, 10
 042  01300          LOAD s3, 00
 043  2D402          OUTPUT s4, 02
 044  2D402          OUTPUT s4, 02
 045  2D402          OUTPUT s4, 02
 046  014A5          LOAD s4, A5
 047  2D402          OUTPUT s4, 02
 048  2D402          OUTPUT s4, 02
 049  2D402          OUTPUT s4, 02
 04A  2D402          OUTPUT s4, 02
 04B  01450          LOAD s4, 50
 04C  2D402          OUTPUT s4, 02
 04D  2D402          OUTPUT s4, 02
 04E  22027          JUMP 027[PRINT]
 04F         CASE06: 
 04F  01220          LOAD s2, 20
 050  01300          LOAD s3, 00
 051  014A6          LOAD s4, A6
 052  2D402          OUTPUT s4, 02
 053  01450          LOAD s4, 50
 054  22027          JUMP 027[PRINT]
 055         CASE07: 
 055  01240          LOAD s2, 40
 056  01300          LOAD s3, 00
 057  014A7          LOAD s4, A7
 058  2D402          OUTPUT s4, 02
 059  01450          LOAD s4, 50
 05A  22027          JUMP 027[PRINT]
 05B         CASE08: 
 05B  01280          LOAD s2, 80
 05C  01300          LOAD s3, 00
 05D  014A8          LOAD s4, A8
 05E  2D402          OUTPUT s4, 02
 05F  01450          LOAD s4, 50
 060  22027          JUMP 027[PRINT]
 061         CASE09: 
 061  01200          LOAD s2, 00
 062  01301          LOAD s3, 01
 063  014A9          LOAD s4, A9
 064  2D402          OUTPUT s4, 02
 065  01450          LOAD s4, 50
 066  22027          JUMP 027[PRINT]
 067         CASE10: 
 067  01200          LOAD s2, 00
 068  01302          LOAD s3, 02
 069  014A0          LOAD s4, A0
 06A  2D402          OUTPUT s4, 02
 06B  01451          LOAD s4, 51
 06C  22027          JUMP 027[PRINT]
 06D         CASE11: 
 06D  01200          LOAD s2, 00
 06E  01304          LOAD s3, 04
 06F  014A1          LOAD s4, A1
 070  2D402          OUTPUT s4, 02
 071  01451          LOAD s4, 51
 072  22027          JUMP 027[PRINT]
 073         CASE12: 
 073  01200          LOAD s2, 00
 074  01308          LOAD s3, 08
 075  014A2          LOAD s4, A2
 076  2D402          OUTPUT s4, 02
 077  01451          LOAD s4, 51
 078  22027          JUMP 027[PRINT]
 079         CASE13: 
 079  01200          LOAD s2, 00
 07A  01310          LOAD s3, 10
 07B  014A3          LOAD s4, A3
 07C  2D402          OUTPUT s4, 02
 07D  01451          LOAD s4, 51
 07E  22027          JUMP 027[PRINT]
 07F         CASE14: 
 07F  01200          LOAD s2, 00
 080  01320          LOAD s3, 20
 081  014A4          LOAD s4, A4
 082  2D402          OUTPUT s4, 02
 083  01451          LOAD s4, 51
 084  22027          JUMP 027[PRINT]
 085         CASE15: 
 085  01200          LOAD s2, 00
 086  01340          LOAD s3, 40
 087  014A5          LOAD s4, A5
 088  2D402          OUTPUT s4, 02
 089  01451          LOAD s4, 51
 08A  22027          JUMP 027[PRINT]
 08B         CASE16: 
 08B  01200          LOAD s2, 00
 08C  01380          LOAD s3, 80
 08D  014A6          LOAD s4, A6
 08E  2D402          OUTPUT s4, 02
 08F  01451          LOAD s4, 51
 090  22027          JUMP 027[PRINT]


All unused memory locations contain zero (equivalent to 'LOAD s0, s0')



List of PSM files that have been assembled

E:\ISEN\VIVADO_stage_m1\PicoBlazeGIT01\project_3\prog3.psm



List of defined constants

 CONSTANT name     Value        Source PSM File

 timestamp_hours   17'd         
 timestamp_minutes 51'd         
 timestamp_seconds 59'd         
 datestamp_year    23'd         
 datestamp_month   9'd          
 datestamp_day     12'd         
 NUL               00           
 BEL               07           
 BS                08           
 HT                09           
 LF                0A           
 VT                0B           
 CR                0D           
 ESC               1B           
 DEL               7F           
 DCS               90           
 ST                9C           



No TABLEs defined



List of text strings

 STRING name       String         Source PSM File

 KCPSM6_version$   "v2.70"        
 datestamp$        "12 Sep 2023"  
 timestamp$        "17:51:59"     



List of line labels

   Label    Addr  Source PSM File

   BOUCLE   004   prog3.psm
   PRINT    027   prog3.psm
   CASE00   02B   prog3.psm
   CASE01   02F   prog3.psm
   CASE02   033   prog3.psm
   CASE03   037   prog3.psm
   CASE04   03B   prog3.psm
   CASE05   041   prog3.psm
   CASE06   04F   prog3.psm
   CASE07   055   prog3.psm
   CASE08   05B   prog3.psm
   CASE09   061   prog3.psm
   CASE10   067   prog3.psm
   CASE11   06D   prog3.psm
   CASE12   073   prog3.psm
   CASE13   079   prog3.psm
   CASE14   07F   prog3.psm
   CASE15   085   prog3.psm
   CASE16   08B   prog3.psm



Instruction usage statistics

 Instruction    Instances

 LOAD             67
 STAR              -

 AND               -
 OR                -
 XOR               -

 ADD               -
 ADDCY             -
 SUB               -
 SUBCY             -

 TEST              -
 TESTCY            -
 COMPARE          17
 COMPARECY         -

 SL0               -
 SL1               -
 SLX               -
 SLA               -
 RL                -
 SR0               -
 SR1               -
 SRX               -
 SRA               -
 RR                -

 REGBANK           -

 INPUT             1
 OUTPUT           24
 OUTPUTK           -

 STORE             -
 FETCH             -

 DISABLE           1
 ENABLE            -
 RETURNI           -

 JUMP             35
 JUMP@             -
 CALL              -
 CALL@             -
 RETURN            -
 LOAD&RETURN       -

 HWBUILD           -



End of KCPSM6 log file.
