KCPSM6 Assembler log file for program 'E:\ISEN\VIVADO_stage_m1\PicoBlazeGIT01\project_3\prog2.psm'.
Generated by KCPSM6 version v2.70
Ken Chapman - Xilinx Ltd - 16th May 2014

Assembly datestamp: 28 Aug 2023
Assembly timestamp: 18:38:47

Contents
  Assembly listing
  List of PSM files
  List of CONSTANTs
  List of TABLEs
  List of STRINGs
  List of line labels
  Instruction usage statistics


Last occupied address: 05B hex
Nominal program memory size: 1K (1024)   address(9:0)
Actual memory size: 4096
  (Default memory size)
Occupied memory locations: 92
Memory locations available: 4004


Assembly listing

 Addr Code           Instruction

 000  28000          DISABLE INTERRUPT
 001  01100          LOAD s1, 00         ; S1 register (LED/output register)   is set to equal 0 in the beginning
 002  01200          LOAD s2, 00
 003         BOUCLE: 
 003  09000          INPUT s0, 00        ;The binary code coresponding to my switches are written here in s0.
 004  1D001          COMPARE s0, 01      ; switch =1 ?
 005  3202C          JUMP Z, 02C[CASE01] ; if equal --> JUMP to location CASE01 after
 006  1D002          COMPARE s0, 02      ; switch =2 ?
 007  3202F          JUMP Z, 02F[CASE02]
 008  1D003          COMPARE s0, 03      ; switch =3 ?
 009  32032          JUMP Z, 032[CASE03]
 00A  1D004          COMPARE s0, 04      ; switch =4 ?
 00B  32035          JUMP Z, 035[CASE04]
 00C  1D005          COMPARE s0, 05      ; switch =5 ?
 00D  32038          JUMP Z, 038[CASE05]
 00E  1D006          COMPARE s0, 06      ; switch =6 ?
 00F  3203B          JUMP Z, 03B[CASE06]
 010  1D007          COMPARE s0, 07      ; switch =7 ?
 011  3203E          JUMP Z, 03E[CASE07]
 012  1D008          COMPARE s0, 08
 013  32041          JUMP Z, 041[CASE08]
 014  1D009          COMPARE s0, 09
 015  32044          JUMP Z, 044[CASE09]
 016  1D00A          COMPARE s0, 0A
 017  32047          JUMP Z, 047[CASE10]
 018  1D00B          COMPARE s0, 0B
 019  3204A          JUMP Z, 04A[CASE11]
 01A  1D00C          COMPARE s0, 0C
 01B  3204D          JUMP Z, 04D[CASE12]
 01C  1D00D          COMPARE s0, 0D
 01D  32050          JUMP Z, 050[CASE13]
 01E  1D00E          COMPARE s0, 0E
 01F  32053          JUMP Z, 053[CASE14]
 020  1D00F          COMPARE s0, 0F
 021  32056          JUMP Z, 056[CASE15]
 022  1D010          COMPARE s0, 10
 023  32059          JUMP Z, 059[CASE16]
 024  1D000          COMPARE s0, 00
 025  32029          JUMP Z, 029[CASE00]
 026          PRINT: 
 026  2D100          OUTPUT s1, 00
 027  2D201          OUTPUT s2, 01
 028  22003          JUMP 003[BOUCLE]
 029         CASE00: 
 029  01100          LOAD s1, 00
 02A  01200          LOAD s2, 00
 02B  22026          JUMP 026[PRINT]
 02C         CASE01: 
 02C  01101          LOAD s1, 01
 02D  01200          LOAD s2, 00
 02E  22026          JUMP 026[PRINT]
 02F         CASE02: 
 02F  01102          LOAD s1, 02
 030  01200          LOAD s2, 00
 031  22026          JUMP 026[PRINT]
 032         CASE03: 
 032  01104          LOAD s1, 04
 033  01200          LOAD s2, 00
 034  22026          JUMP 026[PRINT]
 035         CASE04: 
 035  01108          LOAD s1, 08
 036  01200          LOAD s2, 00
 037  22026          JUMP 026[PRINT]
 038         CASE05: 
 038  01110          LOAD s1, 10
 039  01200          LOAD s2, 00
 03A  22026          JUMP 026[PRINT]
 03B         CASE06: 
 03B  01120          LOAD s1, 20
 03C  01200          LOAD s2, 00
 03D  22026          JUMP 026[PRINT]
 03E         CASE07: 
 03E  01140          LOAD s1, 40
 03F  01200          LOAD s2, 00
 040  22026          JUMP 026[PRINT]
 041         CASE08: 
 041  01180          LOAD s1, 80
 042  01200          LOAD s2, 00
 043  22026          JUMP 026[PRINT]
 044         CASE09: 
 044  01100          LOAD s1, 00
 045  01201          LOAD s2, 01
 046  22026          JUMP 026[PRINT]
 047         CASE10: 
 047  01100          LOAD s1, 00
 048  01202          LOAD s2, 02
 049  22026          JUMP 026[PRINT]
 04A         CASE11: 
 04A  01100          LOAD s1, 00
 04B  01204          LOAD s2, 04
 04C  22026          JUMP 026[PRINT]
 04D         CASE12: 
 04D  01100          LOAD s1, 00
 04E  01208          LOAD s2, 08
 04F  22026          JUMP 026[PRINT]
 050         CASE13: 
 050  01100          LOAD s1, 00
 051  01210          LOAD s2, 10
 052  22026          JUMP 026[PRINT]
 053         CASE14: 
 053  01100          LOAD s1, 00
 054  01220          LOAD s2, 20
 055  22026          JUMP 026[PRINT]
 056         CASE15: 
 056  01100          LOAD s1, 00
 057  01240          LOAD s2, 40
 058  22026          JUMP 026[PRINT]
 059         CASE16: 
 059  01100          LOAD s1, 00
 05A  01280          LOAD s2, 80
 05B  22026          JUMP 026[PRINT]


All unused memory locations contain zero (equivalent to 'LOAD s0, s0')



List of PSM files that have been assembled

E:\ISEN\VIVADO_stage_m1\PicoBlazeGIT01\project_3\prog2.psm



List of defined constants

 CONSTANT name     Value        Source PSM File

 timestamp_hours   18'd         
 timestamp_minutes 38'd         
 timestamp_seconds 47'd         
 datestamp_year    23'd         
 datestamp_month   8'd          
 datestamp_day     28'd         
 NUL               00           
 BEL               07           
 BS                08           
 HT                09           
 LF                0A           
 VT                0B           
 CR                0D           
 ESC               1B           
 DEL               7F           
 DCS               90           
 ST                9C           



No TABLEs defined



List of text strings

 STRING name       String         Source PSM File

 KCPSM6_version$   "v2.70"        
 datestamp$        "28 Aug 2023"  
 timestamp$        "18:38:47"     



List of line labels

   Label    Addr  Source PSM File

   BOUCLE   003   prog2.psm
   PRINT    026   prog2.psm
   CASE00   029   prog2.psm
   CASE01   02C   prog2.psm
   CASE02   02F   prog2.psm
   CASE03   032   prog2.psm
   CASE04   035   prog2.psm
   CASE05   038   prog2.psm
   CASE06   03B   prog2.psm
   CASE07   03E   prog2.psm
   CASE08   041   prog2.psm
   CASE09   044   prog2.psm
   CASE10   047   prog2.psm
   CASE11   04A   prog2.psm
   CASE12   04D   prog2.psm
   CASE13   050   prog2.psm
   CASE14   053   prog2.psm
   CASE15   056   prog2.psm
   CASE16   059   prog2.psm



Instruction usage statistics

 Instruction    Instances

 LOAD             36
 STAR              -

 AND               -
 OR                -
 XOR               -

 ADD               -
 ADDCY             -
 SUB               -
 SUBCY             -

 TEST              -
 TESTCY            -
 COMPARE          17
 COMPARECY         -

 SL0               -
 SL1               -
 SLX               -
 SLA               -
 RL                -
 SR0               -
 SR1               -
 SRX               -
 SRA               -
 RR                -

 REGBANK           -

 INPUT             1
 OUTPUT            2
 OUTPUTK           -

 STORE             -
 FETCH             -

 DISABLE           1
 ENABLE            -
 RETURNI           -

 JUMP             35
 JUMP@             -
 CALL              -
 CALL@             -
 RETURN            -
 LOAD&RETURN       -

 HWBUILD           -



End of KCPSM6 log file.
