KCPSM6 Assembler log file for program 'E:\ISEN\VIVADO_stage_m1\PicoBlazeGIT01\project_3\prog.psm'.
Generated by KCPSM6 version v2.70
Ken Chapman - Xilinx Ltd - 16th May 2014

Assembly datestamp: 22 Aug 2023
Assembly timestamp: 17:33:16

Contents
  Assembly listing
  List of PSM files
  List of CONSTANTs
  List of TABLEs
  List of STRINGs
  List of line labels
  Instruction usage statistics


Last occupied address: 003 hex
Nominal program memory size: 1K (1024)   address(9:0)
Actual memory size: 4096
  (Default memory size)
Occupied memory locations: 4
Memory locations available: 4092


Assembly listing

 Addr Code           Instruction

 000  28000          DISABLE INTERRUPT
 001         BOUCLE: 
 001  09000          INPUT s0, 00
 002  2D000          OUTPUT s0, 00
 003  22001          JUMP 001[BOUCLE]


All unused memory locations contain zero (equivalent to 'LOAD s0, s0')



List of PSM files that have been assembled

E:\ISEN\VIVADO_stage_m1\PicoBlazeGIT01\project_3\prog.psm



List of defined constants

 CONSTANT name     Value        Source PSM File

 timestamp_hours   17'd         
 timestamp_minutes 33'd         
 timestamp_seconds 16'd         
 datestamp_year    23'd         
 datestamp_month   8'd          
 datestamp_day     22'd         
 NUL               00           
 BEL               07           
 BS                08           
 HT                09           
 LF                0A           
 VT                0B           
 CR                0D           
 ESC               1B           
 DEL               7F           
 DCS               90           
 ST                9C           



No TABLEs defined



List of text strings

 STRING name       String         Source PSM File

 KCPSM6_version$   "v2.70"        
 datestamp$        "22 Aug 2023"  
 timestamp$        "17:33:16"     



List of line labels

   Label    Addr  Source PSM File

   BOUCLE   001   prog.psm



Instruction usage statistics

 Instruction    Instances

 LOAD              -
 STAR              -

 AND               -
 OR                -
 XOR               -

 ADD               -
 ADDCY             -
 SUB               -
 SUBCY             -

 TEST              -
 TESTCY            -
 COMPARE           -
 COMPARECY         -

 SL0               -
 SL1               -
 SLX               -
 SLA               -
 RL                -
 SR0               -
 SR1               -
 SRX               -
 SRA               -
 RR                -

 REGBANK           -

 INPUT             1
 OUTPUT            1
 OUTPUTK           -

 STORE             -
 FETCH             -

 DISABLE           1
 ENABLE            -
 RETURNI           -

 JUMP              1
 JUMP@             -
 CALL              -
 CALL@             -
 RETURN            -
 LOAD&RETURN       -

 HWBUILD           -



End of KCPSM6 log file.
